<?xml version="1.0" encoding="UTF-8"?>
<!-- Generated by org.testng.reporters.JUnitReportReporter -->
<testsuite hostname="DESKTOP-353CMR5" failures="0" tests="1" name="TestCases.TC00002_VerifyLogoExistence" time="3.029" errors="0" timestamp="2025-05-04T01:40:27 MYT" skipped="0">
  <testcase classname="TestCases.TC00002_VerifyLogoExistence" name="verifyLogoExistence" time="3.029"/>
</testsuite> <!-- TestCases.TC00002_VerifyLogoExistence -->
