<?xml version="1.0" encoding="UTF-8"?>
<!-- Generated by org.testng.reporters.JUnitReportReporter -->
<testsuite hostname="DESKTOP-353CMR5" failures="0" tests="4" name="MyInfoTestCases.TC0002_MyInfoTest" time="113.253" errors="0" timestamp="2025-06-10T12:58:21 MYT" skipped="0">
  <testcase classname="MyInfoTestCases.TC0002_MyInfoTest" name="changeadminname" time="28.827"/>
  <testcase classname="MyInfoTestCases.TC0002_MyInfoTest" name="changeLicenseDate" time="36.732"/>
  <testcase classname="MyInfoTestCases.TC0002_MyInfoTest" name="changenationality" time="30.561"/>
  <testcase classname="MyInfoTestCases.TC0002_MyInfoTest" name="setGender" time="17.133"/>
</testsuite> <!-- MyInfoTestCases.TC0002_MyInfoTest -->
