<?xml version="1.0" encoding="UTF-8"?>
<!-- Generated by org.testng.reporters.JUnitReportReporter -->
<testsuite hostname="DESKTOP-353CMR5" failures="0" tests="7" name="DashboardTestCase.TC0001_DashboardTest" time="40.788" errors="0" timestamp="2025-07-01T12:05:25 MYT" skipped="0">
  <testcase classname="DashboardTestCase.TC0001_DashboardTest" name="verifytimeTitle" time="5.656"/>
  <testcase classname="DashboardTestCase.TC0001_DashboardTest" name="verifyactionTitle" time="5.623"/>
  <testcase classname="DashboardTestCase.TC0001_DashboardTest" name="verifylaunchTitle" time="5.278"/>
  <testcase classname="DashboardTestCase.TC0001_DashboardTest" name="verifyBuzzTitle" time="6.426"/>
  <testcase classname="DashboardTestCase.TC0001_DashboardTest" name="verifyOnleaveTitle" time="5.758"/>
  <testcase classname="DashboardTestCase.TC0001_DashboardTest" name="verifysubunitTitle" time="6.243"/>
  <testcase classname="DashboardTestCase.TC0001_DashboardTest" name="verifylocationTitle" time="5.804"/>
</testsuite> <!-- DashboardTestCase.TC0001_DashboardTest -->
