<?xml version="1.0" encoding="UTF-8"?>
<!-- Generated by org.testng.reporters.JUnitReportReporter -->
<testsuite hostname="DESKTOP-353CMR5" failures="0" tests="1" name="LoginTestCases.TC0002" time="0.023" errors="0" timestamp="2025-05-08T23:22:56 MYT" skipped="0">
  <testcase classname="LoginTestCases.TC0002" name="checkLogoTest" time="0.023"/>
</testsuite> <!-- LoginTestCases.TC0002 -->
