<?xml version="1.0" encoding="UTF-8"?>
<!-- Generated by org.testng.reporters.JUnitReportReporter -->
<testsuite hostname="DESKTOP-353CMR5" failures="0" tests="1" name="TestCases.TC00002_LogoExistenceTest" time="3.057" errors="0" timestamp="2025-05-05T21:42:24 MYT" skipped="0">
  <testcase classname="TestCases.TC00002_LogoExistenceTest" name="verifyLogoExistence" time="3.057"/>
</testsuite> <!-- TestCases.TC00002_LogoExistenceTest -->
