<?xml version="1.0" encoding="UTF-8"?>
<!-- Generated by org.testng.reporters.JUnitReportReporter -->
<testsuite hostname="DESKTOP-353CMR5" failures="0" tests="1" name="LoginTestCases.TC0002_LoginTest" time="0.036" errors="0" timestamp="2025-06-10T14:24:00 MYT" skipped="0">
  <testcase classname="LoginTestCases.TC0002_LoginTest" name="checkLoginLogoTest" time="0.036"/>
</testsuite> <!-- LoginTestCases.TC0002_LoginTest -->
