<?xml version="1.0" encoding="UTF-8"?>
<!-- Generated by org.testng.reporters.JUnitReportReporter -->
<testsuite hostname="DESKTOP-353CMR5" failures="0" tests="1" name="TestCases.TC00001_LoginTest" time="1.914" errors="0" timestamp="2025-05-08T22:37:55 MYT" skipped="0">
  <testcase classname="TestCases.TC00001_LoginTest" name="verifyLogin" time="1.914"/>
</testsuite> <!-- TestCases.TC00001_LoginTest -->
