<?xml version="1.0" encoding="UTF-8"?>
<!-- Generated by org.testng.reporters.JUnitReportReporter -->
<testsuite hostname="DESKTOP-353CMR5" failures="0" tests="2" name="LoginTestCases.TC0004_LoginTest" time="14.407" errors="0" timestamp="2025-06-10T14:32:46 MYT" skipped="0">
  <testcase classname="LoginTestCases.TC0004_LoginTest" name="verifyConfirmErrorMessage" time="5.291"/>
  <testcase classname="LoginTestCases.TC0004_LoginTest" name="verifyCurrentErrorMessage" time="9.116"/>
</testsuite> <!-- LoginTestCases.TC0004_LoginTest -->
