<?xml version="1.0" encoding="UTF-8"?>
<!-- Generated by org.testng.reporters.JUnitReportReporter -->
<testsuite hostname="DESKTOP-353CMR5" failures="0" tests="1" name="TestCases.LoginTest" time="5.007" errors="0" timestamp="2025-05-03T23:27:20 MYT" skipped="0">
  <testcase classname="TestCases.LoginTest" name="verifyLogin" time="5.007"/>
</testsuite> <!-- TestCases.LoginTest -->
