<?xml version="1.0" encoding="UTF-8"?>
<!-- Generated by org.testng.reporters.JUnitReportReporter -->
<testsuite hostname="DESKTOP-353CMR5" failures="0" tests="1" name="Utilities.DataProviders" time="1.330" errors="0" timestamp="2025-05-07T21:14:36 MYT" skipped="0">
  <testcase classname="Utilities.DataProviders" name="logindetails" time="1.330"/>
</testsuite> <!-- Utilities.DataProviders -->
