<?xml version="1.0" encoding="UTF-8"?>
<!-- Generated by org.testng.reporters.JUnitReportReporter -->
<testsuite hostname="DESKTOP-353CMR5" failures="0" tests="1" name="LoginTestCases.TC0003" time="4.572" errors="0" timestamp="2025-05-08T23:33:06 MYT" skipped="0">
  <testcase classname="LoginTestCases.TC0003" name="LogoutTest" time="4.572"/>
</testsuite> <!-- LoginTestCases.TC0003 -->
