<?xml version="1.0" encoding="UTF-8"?>
<!-- Generated by org.testng.reporters.JUnitReportReporter -->
<testsuite hostname="DESKTOP-353CMR5" failures="0" tests="7" name="DashboardTestCase.TC0001_dshboardTest" time="17.845" errors="0" timestamp="2025-05-19T19:11:58 MYT" skipped="0">
  <testcase classname="DashboardTestCase.TC0001_dshboardTest" name="verifyactionTitle" time="6.390"/>
  <testcase classname="DashboardTestCase.TC0001_dshboardTest" name="verifyBuzzTitle" time="2.069"/>
  <testcase classname="DashboardTestCase.TC0001_dshboardTest" name="verifyOnleaveTitle" time="2.088"/>
  <testcase classname="DashboardTestCase.TC0001_dshboardTest" name="verifylocationTitle" time="2.071"/>
  <testcase classname="DashboardTestCase.TC0001_dshboardTest" name="verifysubunitTitle" time="2.080"/>
  <testcase classname="DashboardTestCase.TC0001_dshboardTest" name="verifylaunchTitle" time="2.077"/>
  <testcase classname="DashboardTestCase.TC0001_dshboardTest" name="verifytimeTitle" time="1.070"/>
</testsuite> <!-- DashboardTestCase.TC0001_dshboardTest -->
